# JRE version: Java(TM) SE Runtime Environment (8.0_211-b12) (build 1.8.0_211-b12)
# Java VM: Java HotSpot(TM) 64-Bit Server VM (25.211-b12 mixed mode bsd-amd64 compressed oops)
Heap:
 PSYoungGen      total 419328K, used 8083K [0x00000007a0000000, 0x00000007bff00000, 0x00000007c0000000)
  eden space 319488K, 0% used [0x00000007a0000000,0x00000007a0000000,0x00000007b3800000)
  from space 99840K, 8% used [0x00000007b3800000,0x00000007b3fe4c88,0x00000007b9980000)
  to   space 101888K, 0% used [0x00000007b9b80000,0x00000007b9b80000,0x00000007bff00000)
 ParOldGen       total 219648K, used 208889K [0x0000000760000000, 0x000000076d680000, 0x00000007a0000000)
  object space 219648K, 95% used [0x0000000760000000,0x000000076cbfe7f8,0x000000076d680000)
 Metaspace       used 142848K, capacity 153734K, committed 154004K, reserved 1183744K
  class space    used 18595K, capacity 20630K, committed 20668K, reserved 1048576K
GC Heap History (10 events):
Event: 6518.737 GC heap after
Heap after GC invocations=37 (full 4):
 PSYoungGen      total 439296K, used 59616K [0x00000007a0000000, 0x00000007c0000000, 0x00000007c0000000)
  eden space 359424K, 0% used [0x00000007a0000000,0x00000007a0000000,0x00000007b5f00000)
  from space 79872K, 74% used [0x00000007b5f00000,0x00000007b9938160,0x00000007bad00000)
  to   space 83456K, 0% used [0x00000007bae80000,0x00000007bae80000,0x00000007c0000000)
 ParOldGen       total 219648K, used 129328K [0x0000000760000000, 0x000000076d680000, 0x00000007a0000000)
  object space 219648K, 58% used [0x0000000760000000,0x0000000767e4c230,0x000000076d680000)
 Metaspace       used 138870K, capacity 149266K, committed 149524K, reserved 1179648K
  class space    used 18212K, capacity 20206K, committed 20284K, reserved 1048576K
}
Event: 6521.371 GC heap before
{Heap before GC invocations=38 (full 4):
 PSYoungGen      total 439296K, used 419040K [0x00000007a0000000, 0x00000007c0000000, 0x00000007c0000000)
  eden space 359424K, 100% used [0x00000007a0000000,0x00000007b5f00000,0x00000007b5f00000)
  from space 79872K, 74% used [0x00000007b5f00000,0x00000007b9938160,0x00000007bad00000)
  to   space 83456K, 0% used [0x00000007bae80000,0x00000007bae80000,0x00000007c0000000)
 ParOldGen       total 219648K, used 129328K [0x0000000760000000, 0x000000076d680000, 0x00000007a0000000)
  object space 219648K, 58% used [0x0000000760000000,0x0000000767e4c230,0x000000076d680000)
 Metaspace       used 141674K, capacity 152388K, committed 152724K, reserved 1181696K
  class space    used 18535K, capacity 20545K, committed 20668K, reserved 1048576K
Event: 6521.547 GC heap after
Heap after GC invocations=38 (full 4):
 PSYoungGen      total 416256K, used 83448K [0x00000007a0000000, 0x00000007c0000000, 0x00000007c0000000)
  eden space 332800K, 0% used [0x00000007a0000000,0x00000007a0000000,0x00000007b4500000)
  from space 83456K, 99% used [0x00000007bae80000,0x00000007bfffe3e0,0x00000007c0000000)
  to   space 95744K, 0% used [0x00000007b4500000,0x00000007b4500000,0x00000007ba280000)
 ParOldGen       total 219648K, used 131615K [0x0000000760000000, 0x000000076d680000, 0x00000007a0000000)
  object space 219648K, 59% used [0x0000000760000000,0x0000000768087f80,0x000000076d680000)
 Metaspace       used 141674K, capacity 152388K, committed 152724K, reserved 1181696K
  class space    used 18535K, capacity 20545K, committed 20668K, reserved 1048576K
}
Event: 6523.668 GC heap before
{Heap before GC invocations=39 (full 4):
 PSYoungGen      total 416256K, used 416248K [0x00000007a0000000, 0x00000007c0000000, 0x00000007c0000000)
  eden space 332800K, 100% used [0x00000007a0000000,0x00000007b4500000,0x00000007b4500000)
  from space 83456K, 99% used [0x00000007bae80000,0x00000007bfffe3e0,0x00000007c0000000)
  to   space 95744K, 0% used [0x00000007b4500000,0x00000007b4500000,0x00000007ba280000)
 ParOldGen       total 219648K, used 131615K [0x0000000760000000, 0x000000076d680000, 0x00000007a0000000)
  object space 219648K, 59% used [0x0000000760000000,0x0000000768087f80,0x000000076d680000)
 Metaspace       used 142147K, capacity 152890K, committed 152980K, reserved 1181696K
  class space    used 18578K, capacity 20594K, committed 20668K, reserved 1048576K
Event: 6523.765 GC heap after
Heap after GC invocations=39 (full 4):
 PSYoungGen      total 417280K, used 84182K [0x00000007a0000000, 0x00000007c0000000, 0x00000007c0000000)
  eden space 332800K, 0% used [0x00000007a0000000,0x00000007a0000000,0x00000007b4500000)
  from space 84480K, 99% used [0x00000007b4500000,0x00000007b9735830,0x00000007b9780000)
  to   space 104960K, 0% used [0x00000007b9980000,0x00000007b9980000,0x00000007c0000000)
 ParOldGen       total 219648K, used 138050K [0x0000000760000000, 0x000000076d680000, 0x00000007a0000000)
  object space 219648K, 62% used [0x0000000760000000,0x00000007686d0b90,0x000000076d680000)
 Metaspace       used 142147K, capacity 152890K, committed 152980K, reserved 1181696K
  class space    used 18578K, capacity 20594K, committed 20668K, reserved 1048576K
}
Event: 6525.464 GC heap before
{Heap before GC invocations=40 (full 4):
 PSYoungGen      total 417280K, used 416982K [0x00000007a0000000, 0x00000007c0000000, 0x00000007c0000000)
  eden space 332800K, 100% used [0x00000007a0000000,0x00000007b4500000,0x00000007b4500000)
  from space 84480K, 99% used [0x00000007b4500000,0x00000007b9735830,0x00000007b9780000)
  to   space 104960K, 0% used [0x00000007b9980000,0x00000007b9980000,0x00000007c0000000)
 ParOldGen       total 219648K, used 138050K [0x0000000760000000, 0x000000076d680000, 0x00000007a0000000)
  object space 219648K, 62% used [0x0000000760000000,0x00000007686d0b90,0x000000076d680000)
 Metaspace       used 142552K, capacity 153358K, committed 153492K, reserved 1181696K
  class space    used 18595K, capacity 20630K, committed 20668K, reserved 1048576K
Event: 6525.669 GC heap after
Heap after GC invocations=40 (full 4):
 PSYoungGen      total 424448K, used 47808K [0x00000007a0000000, 0x00000007c0000000, 0x00000007c0000000)
  eden space 319488K, 0% used [0x00000007a0000000,0x00000007a0000000,0x00000007b3800000)
  from space 104960K, 45% used [0x00000007b9980000,0x00000007bc830168,0x00000007c0000000)
  to   space 99840K, 0% used [0x00000007b3800000,0x00000007b3800000,0x00000007b9980000)
 ParOldGen       total 219648K, used 171920K [0x0000000760000000, 0x000000076d680000, 0x00000007a0000000)
  object space 219648K, 78% used [0x0000000760000000,0x000000076a7e40e8,0x000000076d680000)
 Metaspace       used 142552K, capacity 153358K, committed 153492K, reserved 1181696K
  class space    used 18595K, capacity 20630K, committed 20668K, reserved 1048576K
}
Event: 6526.778 GC heap before
{Heap before GC invocations=41 (full 4):
 PSYoungGen      total 424448K, used 367296K [0x00000007a0000000, 0x00000007c0000000, 0x00000007c0000000)
  eden space 319488K, 100% used [0x00000007a0000000,0x00000007b3800000,0x00000007b3800000)
  from space 104960K, 45% used [0x00000007b9980000,0x00000007bc830168,0x00000007c0000000)
  to   space 99840K, 0% used [0x00000007b3800000,0x00000007b3800000,0x00000007b9980000)
 ParOldGen       total 219648K, used 171920K [0x0000000760000000, 0x000000076d680000, 0x00000007a0000000)
  object space 219648K, 78% used [0x0000000760000000,0x000000076a7e40e8,0x000000076d680000)
 Metaspace       used 142848K, capacity 153734K, committed 154004K, reserved 1183744K
  class space    used 18595K, capacity 20630K, committed 20668K, reserved 1048576K
Event: 6526.853 GC heap after
Heap after GC invocations=41 (full 4):
 PSYoungGen      total 419328K, used 8083K [0x00000007a0000000, 0x00000007bff00000, 0x00000007c0000000)
  eden space 319488K, 0% used [0x00000007a0000000,0x00000007a0000000,0x00000007b3800000)
  from space 99840K, 8% used [0x00000007b3800000,0x00000007b3fe4c88,0x00000007b9980000)
  to   space 101888K, 0% used [0x00000007b9b80000,0x00000007b9b80000,0x00000007bff00000)
 ParOldGen       total 219648K, used 208889K [0x0000000760000000, 0x000000076d680000, 0x00000007a0000000)
  object space 219648K, 95% used [0x0000000760000000,0x000000076cbfe7f8,0x000000076d680000)
 Metaspace       used 142848K, capacity 153734K, committed 154004K, reserved 1183744K
  class space    used 18595K, capacity 20630K, committed 20668K, reserved 1048576K
}
Event: 6526.853 GC heap before
{Heap before GC invocations=42 (full 5):
 PSYoungGen      total 419328K, used 8083K [0x00000007a0000000, 0x00000007bff00000, 0x00000007c0000000)
  eden space 319488K, 0% used [0x00000007a0000000,0x00000007a0000000,0x00000007b3800000)
  from space 99840K, 8% used [0x00000007b3800000,0x00000007b3fe4c88,0x00000007b9980000)
  to   space 101888K, 0% used [0x00000007b9b80000,0x00000007b9b80000,0x00000007bff00000)
 ParOldGen       total 219648K, used 208889K [0x0000000760000000, 0x000000076d680000, 0x00000007a0000000)
  object space 219648K, 95% used [0x0000000760000000,0x000000076cbfe7f8,0x000000076d680000)
 Metaspace       used 142848K, capacity 153734K, committed 154004K, reserved 1183744K
  class space    used 18595K, capacity 20630K, committed 20668K, reserved 1048576K

